<?xml version="1.0" encoding="UTF-8"?>
<!-- Generated by org.testng.reporters.JUnitXMLReporter -->
<testsuite ignored="0" hostname="BWIT0222" failures="0" tests="12" name="Default test" time="296.433" errors="0" timestamp="2026-08-11T14:09:21 IST">
  <testcase classname="Test.TestSearch" name="BrandName" time="18.981"/>
  <testcase classname="Test.TestSearch" name="DiscontinuedProductName" time="18.937"/>
  <testcase classname="Test.TestSearch" name="DiscontinuedProductSku" time="18.863"/>
  <testcase classname="Test.TestSearch" name="ExactProductName" time="19.039"/>
  <testcase classname="Test.TestSearch" name="InvalidProductName" time="8.871"/>
  <testcase classname="Test.TestSearch" name="LowerCaseProductName" time="18.653"/>
  <testcase classname="Test.TestSearch" name="MixcaseProductName" time="18.798"/>
  <testcase classname="Test.TestSearch" name="PartialProductName" time="18.659"/>
  <testcase classname="Test.TestSearch" name="SKUNumber" time="22.579"/>
  <testcase classname="Test.TestSearch" name="SpecialCharacterProductName" time="19.322"/>
  <testcase classname="Test.TestSearch" name="UpperCaseProductName" time="18.76"/>
  <testcase classname="Test.TestSearch" name="ValidProductName" time="18.985"/>
</testsuite> <!-- Default test -->
