<?xml version="1.0" encoding="UTF-8"?>
<!-- Generated by org.testng.reporters.JUnitXMLReporter -->
<testsuite ignored="0" hostname="BWIT0222" failures="0" tests="8" name="Test" time="283.259" errors="0" timestamp="2026-08-10T14:58:30 IST">
  <testcase classname="Test.TestLogin" name="CorrectDetail" time="31.116"/>
  <testcase classname="Test.TestLogin" name="EmptyDetail" time="6.289"/>
  <testcase classname="Test.TestLogin" name="EmptyEmail" time="26.165"/>
  <testcase classname="Test.TestLogin" name="EmptyPassword" time="26.628"/>
  <testcase classname="Test.TestLogin" name="InvalidDetail" time="29.525"/>
  <testcase classname="Test.TestLogin" name="InvalidEmail" time="29.15"/>
  <testcase classname="Test.TestLogin" name="ValidEmailInvalidPassword" time="29.379"/>
  <testcase classname="Test.TestLogin" name="ValidEmailWithSpaces" time="30.319"/>
</testsuite> <!-- Test -->
