<?xml version="1.0" encoding="UTF-8"?>
<!-- Generated by org.testng.reporters.JUnitXMLReporter -->
<testsuite ignored="0" hostname="BWIT0222" failures="2" tests="23" name="Test" time="498.104" errors="0" timestamp="2026-08-11T14:26:14 IST">
  <testcase classname="Test.TestLogin" name="CorrectDetail" time="29.229"/>
  <testcase classname="Test.TestLogin" name="EmptyDetail" time="4.382"/>
  <testcase classname="Test.TestLogin" name="EmptyEmail" time="24.184"/>
  <testcase classname="Test.TestLogin" name="EmptyPassword" time="24.308"/>
  <testcase classname="Test.TestLogin" name="ForgotPasswordLink" time="6.582"/>
  <testcase classname="Test.TestLogin" name="InvalidDetail" time="25.675">
    <failure type="java.lang.AssertionError" message="Exception during Login Test with Incorrect Details: element click intercepted: Element &amp;lt;button class=&amp;quot;ty-btn__login ty-btn__secondary ty-btn&amp;quot; type=&amp;quot;submit&amp;quot; name=&amp;quot;dispatch[auth.login]&amp;quot;&amp;gt;...&amp;lt;/button&amp;gt; is not clickable at point (884, 670). Other element would receive the click: &amp;lt;div style=&amp;quot;width: 100%; height: 100%; position: fixed; top: 0px; left: 0px; z-index: 2000000000; background-color: rgb(255, 255, 255); opacity: 0.05;&amp;quot;&amp;gt;&amp;lt;/div&amp;gt;
  (Session info: chrome=151.0.7922.76)
Build info: version: &amp;apos;4.26.0&amp;apos;, revision: &amp;apos;8ccf0219d7&amp;apos;
System info: os.name: &amp;apos;Windows 11&amp;apos;, os.arch: &amp;apos;amd64&amp;apos;, os.version: &amp;apos;10.0&amp;apos;, java.version: &amp;apos;21.0.11&amp;apos;
Driver info: org.openqa.selenium.chrome.ChromeDriver
Command: [c033cc784b26a5a6b90a9c175d29910b, clickElement {id=f.3D04E85D41A132C93B3BCAD3CD8BEB34.d.2D715732A9C6E8FDA6EAECF33EFDF121.e.1467}]
Capabilities {acceptInsecureCerts: false, browserName: chrome, browserVersion: 151.0.7922.76, chrome: {chromedriverVersion: 151.0.7922.77 (ff37cfca2101..., userDataDir: C:\Users\SHUBHA~1\AppData\L...}, fedcm:accounts: true, goog:chromeOptions: {debuggerAddress: localhost:58788}, goog:processID: 26904, networkConnectionEnabled: false, pageLoadStrategy: normal, platformName: windows, proxy: Proxy(), se:cdp: ws://localhost:58788/devtoo..., se:cdpVersion: 151.0.7922.76, setWindowRect: true, strictFileInteractability: false, timeouts: {implicit: 0, pageLoad: 300000, script: 30000}, unhandledPromptBehavior: dismiss and notify, webauthn:extension:credBlob: true, webauthn:extension:largeBlob: true, webauthn:extension:minPinLength: true, webauthn:extension:prf: true, webauthn:virtualAuthenticators: true}
Element: [[ChromeDriver: chrome on windows (c033cc784b26a5a6b90a9c175d29910b)] -&amp;gt; css selector: form[name=&amp;apos;main_login_form&amp;apos;] div[class=&amp;apos;ty-float-right&amp;apos;] button[name=&amp;apos;dispatch[auth.login]&amp;apos;]]
Session ID: c033cc784b26a5a6b90a9c175d29910b">
      <![CDATA[java.lang.AssertionError: Exception during Login Test with Incorrect Details: element click intercepted: Element <button class="ty-btn__login ty-btn__secondary ty-btn" type="submit" name="dispatch[auth.login]">...</button> is not clickable at point (884, 670). Other element would receive the click: <div style="width: 100%; height: 100%; position: fixed; top: 0px; left: 0px; z-index: 2000000000; background-color: rgb(255, 255, 255); opacity: 0.05;"></div>
  (Session info: chrome=151.0.7922.76)
Build info: version: '4.26.0', revision: '8ccf0219d7'
System info: os.name: 'Windows 11', os.arch: 'amd64', os.version: '10.0', java.version: '21.0.11'
Driver info: org.openqa.selenium.chrome.ChromeDriver
Command: [c033cc784b26a5a6b90a9c175d29910b, clickElement {id=f.3D04E85D41A132C93B3BCAD3CD8BEB34.d.2D715732A9C6E8FDA6EAECF33EFDF121.e.1467}]
Capabilities {acceptInsecureCerts: false, browserName: chrome, browserVersion: 151.0.7922.76, chrome: {chromedriverVersion: 151.0.7922.77 (ff37cfca2101..., userDataDir: C:\Users\SHUBHA~1\AppData\L...}, fedcm:accounts: true, goog:chromeOptions: {debuggerAddress: localhost:58788}, goog:processID: 26904, networkConnectionEnabled: false, pageLoadStrategy: normal, platformName: windows, proxy: Proxy(), se:cdp: ws://localhost:58788/devtoo..., se:cdpVersion: 151.0.7922.76, setWindowRect: true, strictFileInteractability: false, timeouts: {implicit: 0, pageLoad: 300000, script: 30000}, unhandledPromptBehavior: dismiss and notify, webauthn:extension:credBlob: true, webauthn:extension:largeBlob: true, webauthn:extension:minPinLength: true, webauthn:extension:prf: true, webauthn:virtualAuthenticators: true}
Element: [[ChromeDriver: chrome on windows (c033cc784b26a5a6b90a9c175d29910b)] -> css selector: form[name='main_login_form'] div[class='ty-float-right'] button[name='dispatch[auth.login]']]
Session ID: c033cc784b26a5a6b90a9c175d29910b
at Test.TestLogin.InvalidDetail(TestLogin.java:122)
at java.base/java.util.ArrayList.forEach(ArrayList.java:1596)
Caused by: org.openqa.selenium.ElementClickInterceptedException: element click intercepted: Element <button class="ty-btn__login ty-btn__secondary ty-btn" type="submit" name="dispatch[auth.login]">...</button> is not clickable at point (884, 670). Other element would receive the click: <div style="width: 100%; height: 100%; position: fixed; top: 0px; left: 0px; z-index: 2000000000; background-color: rgb(255, 255, 255); opacity: 0.05;"></div>
  (Session info: chrome=151.0.7922.76)
Build info: version: '4.26.0', revision: '8ccf0219d7'
System info: os.name: 'Windows 11', os.arch: 'amd64', os.version: '10.0', java.version: '21.0.11'
Driver info: org.openqa.selenium.chrome.ChromeDriver
Command: [c033cc784b26a5a6b90a9c175d29910b, clickElement {id=f.3D04E85D41A132C93B3BCAD3CD8BEB34.d.2D715732A9C6E8FDA6EAECF33EFDF121.e.1467}]
Capabilities {acceptInsecureCerts: false, browserName: chrome, browserVersion: 151.0.7922.76, chrome: {chromedriverVersion: 151.0.7922.77 (ff37cfca2101..., userDataDir: C:\Users\SHUBHA~1\AppData\L...}, fedcm:accounts: true, goog:chromeOptions: {debuggerAddress: localhost:58788}, goog:processID: 26904, networkConnectionEnabled: false, pageLoadStrategy: normal, platformName: windows, proxy: Proxy(), se:cdp: ws://localhost:58788/devtoo..., se:cdpVersion: 151.0.7922.76, setWindowRect: true, strictFileInteractability: false, timeouts: {implicit: 0, pageLoad: 300000, script: 30000}, unhandledPromptBehavior: dismiss and notify, webauthn:extension:credBlob: true, webauthn:extension:largeBlob: true, webauthn:extension:minPinLength: true, webauthn:extension:prf: true, webauthn:virtualAuthenticators: true}
Element: [[ChromeDriver: chrome on windows (c033cc784b26a5a6b90a9c175d29910b)] -> css selector: form[name='main_login_form'] div[class='ty-float-right'] button[name='dispatch[auth.login]']]
Session ID: c033cc784b26a5a6b90a9c175d29910b
at org.openqa.selenium.remote.ErrorCodec.decode(ErrorCodec.java:167)
at org.openqa.selenium.remote.codec.w3c.W3CHttpResponseCodec.decode(W3CHttpResponseCodec.java:138)
at org.openqa.selenium.remote.codec.w3c.W3CHttpResponseCodec.decode(W3CHttpResponseCodec.java:50)
at org.openqa.selenium.remote.HttpCommandExecutor.execute(HttpCommandExecutor.java:190)
at org.openqa.selenium.remote.service.DriverCommandExecutor.invokeExecute(DriverCommandExecutor.java:216)
at org.openqa.selenium.remote.service.DriverCommandExecutor.execute(DriverCommandExecutor.java:174)
at org.openqa.selenium.remote.RemoteWebDriver.execute(RemoteWebDriver.java:545)
at org.openqa.selenium.remote.RemoteWebElement.execute(RemoteWebElement.java:223)
at org.openqa.selenium.remote.RemoteWebElement.click(RemoteWebElement.java:76)
at org.openqa.selenium.support.pagefactory.internal.LocatingElementHandler.invoke(LocatingElementHandler.java:51)
at jdk.proxy2/jdk.proxy2.$Proxy29.click(Unknown Source)
at Test.TestLogin.InvalidDetail(TestLogin.java:111)
... 26 more
... Removed 31 stack frames]]>
    </failure>
  </testcase> <!-- InvalidDetail -->
  <testcase classname="Test.TestLogin" name="InvalidEmail" time="26.764"/>
  <testcase classname="Test.TestLogin" name="RegisterLink" time="6.097"/>
  <testcase classname="Test.TestLogin" name="RememberMe" time="25.44">
    <failure type="java.lang.AssertionError" message="Exception during Login Test with Remember Me functionality: element click intercepted: Element &amp;lt;button class=&amp;quot;ty-btn__login ty-btn__secondary ty-btn&amp;quot; type=&amp;quot;submit&amp;quot; name=&amp;quot;dispatch[auth.login]&amp;quot;&amp;gt;...&amp;lt;/button&amp;gt; is not clickable at point (884, 670). Other element would receive the click: &amp;lt;div style=&amp;quot;width: 100%; height: 100%; position: fixed; top: 0px; left: 0px; z-index: 2000000000; background-color: rgb(255, 255, 255); opacity: 0.05;&amp;quot;&amp;gt;&amp;lt;/div&amp;gt;
  (Session info: chrome=151.0.7922.76)
Build info: version: &amp;apos;4.26.0&amp;apos;, revision: &amp;apos;8ccf0219d7&amp;apos;
System info: os.name: &amp;apos;Windows 11&amp;apos;, os.arch: &amp;apos;amd64&amp;apos;, os.version: &amp;apos;10.0&amp;apos;, java.version: &amp;apos;21.0.11&amp;apos;
Driver info: org.openqa.selenium.chrome.ChromeDriver
Command: [3ec6e9c15aa15ba6dcec37c4f29edf34, clickElement {id=f.EF4A30CDA194FFD24687C691C473A6C0.d.C57F1441C3277B771E97B8656F179225.e.1456}]
Capabilities {acceptInsecureCerts: false, browserName: chrome, browserVersion: 151.0.7922.76, chrome: {chromedriverVersion: 151.0.7922.77 (ff37cfca2101..., userDataDir: C:\Users\SHUBHA~1\AppData\L...}, fedcm:accounts: true, goog:chromeOptions: {debuggerAddress: localhost:58209}, goog:processID: 15648, networkConnectionEnabled: false, pageLoadStrategy: normal, platformName: windows, proxy: Proxy(), se:cdp: ws://localhost:58209/devtoo..., se:cdpVersion: 151.0.7922.76, setWindowRect: true, strictFileInteractability: false, timeouts: {implicit: 0, pageLoad: 300000, script: 30000}, unhandledPromptBehavior: dismiss and notify, webauthn:extension:credBlob: true, webauthn:extension:largeBlob: true, webauthn:extension:minPinLength: true, webauthn:extension:prf: true, webauthn:virtualAuthenticators: true}
Element: [[ChromeDriver: chrome on windows (3ec6e9c15aa15ba6dcec37c4f29edf34)] -&amp;gt; css selector: form[name=&amp;apos;main_login_form&amp;apos;] div[class=&amp;apos;ty-float-right&amp;apos;] button[name=&amp;apos;dispatch[auth.login]&amp;apos;]]
Session ID: 3ec6e9c15aa15ba6dcec37c4f29edf34">
      <![CDATA[java.lang.AssertionError: Exception during Login Test with Remember Me functionality: element click intercepted: Element <button class="ty-btn__login ty-btn__secondary ty-btn" type="submit" name="dispatch[auth.login]">...</button> is not clickable at point (884, 670). Other element would receive the click: <div style="width: 100%; height: 100%; position: fixed; top: 0px; left: 0px; z-index: 2000000000; background-color: rgb(255, 255, 255); opacity: 0.05;"></div>
  (Session info: chrome=151.0.7922.76)
Build info: version: '4.26.0', revision: '8ccf0219d7'
System info: os.name: 'Windows 11', os.arch: 'amd64', os.version: '10.0', java.version: '21.0.11'
Driver info: org.openqa.selenium.chrome.ChromeDriver
Command: [3ec6e9c15aa15ba6dcec37c4f29edf34, clickElement {id=f.EF4A30CDA194FFD24687C691C473A6C0.d.C57F1441C3277B771E97B8656F179225.e.1456}]
Capabilities {acceptInsecureCerts: false, browserName: chrome, browserVersion: 151.0.7922.76, chrome: {chromedriverVersion: 151.0.7922.77 (ff37cfca2101..., userDataDir: C:\Users\SHUBHA~1\AppData\L...}, fedcm:accounts: true, goog:chromeOptions: {debuggerAddress: localhost:58209}, goog:processID: 15648, networkConnectionEnabled: false, pageLoadStrategy: normal, platformName: windows, proxy: Proxy(), se:cdp: ws://localhost:58209/devtoo..., se:cdpVersion: 151.0.7922.76, setWindowRect: true, strictFileInteractability: false, timeouts: {implicit: 0, pageLoad: 300000, script: 30000}, unhandledPromptBehavior: dismiss and notify, webauthn:extension:credBlob: true, webauthn:extension:largeBlob: true, webauthn:extension:minPinLength: true, webauthn:extension:prf: true, webauthn:virtualAuthenticators: true}
Element: [[ChromeDriver: chrome on windows (3ec6e9c15aa15ba6dcec37c4f29edf34)] -> css selector: form[name='main_login_form'] div[class='ty-float-right'] button[name='dispatch[auth.login]']]
Session ID: 3ec6e9c15aa15ba6dcec37c4f29edf34
at Test.TestLogin.RememberMe(TestLogin.java:374)
at java.base/java.util.ArrayList.forEach(ArrayList.java:1596)
Caused by: org.openqa.selenium.ElementClickInterceptedException: element click intercepted: Element <button class="ty-btn__login ty-btn__secondary ty-btn" type="submit" name="dispatch[auth.login]">...</button> is not clickable at point (884, 670). Other element would receive the click: <div style="width: 100%; height: 100%; position: fixed; top: 0px; left: 0px; z-index: 2000000000; background-color: rgb(255, 255, 255); opacity: 0.05;"></div>
  (Session info: chrome=151.0.7922.76)
Build info: version: '4.26.0', revision: '8ccf0219d7'
System info: os.name: 'Windows 11', os.arch: 'amd64', os.version: '10.0', java.version: '21.0.11'
Driver info: org.openqa.selenium.chrome.ChromeDriver
Command: [3ec6e9c15aa15ba6dcec37c4f29edf34, clickElement {id=f.EF4A30CDA194FFD24687C691C473A6C0.d.C57F1441C3277B771E97B8656F179225.e.1456}]
Capabilities {acceptInsecureCerts: false, browserName: chrome, browserVersion: 151.0.7922.76, chrome: {chromedriverVersion: 151.0.7922.77 (ff37cfca2101..., userDataDir: C:\Users\SHUBHA~1\AppData\L...}, fedcm:accounts: true, goog:chromeOptions: {debuggerAddress: localhost:58209}, goog:processID: 15648, networkConnectionEnabled: false, pageLoadStrategy: normal, platformName: windows, proxy: Proxy(), se:cdp: ws://localhost:58209/devtoo..., se:cdpVersion: 151.0.7922.76, setWindowRect: true, strictFileInteractability: false, timeouts: {implicit: 0, pageLoad: 300000, script: 30000}, unhandledPromptBehavior: dismiss and notify, webauthn:extension:credBlob: true, webauthn:extension:largeBlob: true, webauthn:extension:minPinLength: true, webauthn:extension:prf: true, webauthn:virtualAuthenticators: true}
Element: [[ChromeDriver: chrome on windows (3ec6e9c15aa15ba6dcec37c4f29edf34)] -> css selector: form[name='main_login_form'] div[class='ty-float-right'] button[name='dispatch[auth.login]']]
Session ID: 3ec6e9c15aa15ba6dcec37c4f29edf34
at org.openqa.selenium.remote.ErrorCodec.decode(ErrorCodec.java:167)
at org.openqa.selenium.remote.codec.w3c.W3CHttpResponseCodec.decode(W3CHttpResponseCodec.java:138)
at org.openqa.selenium.remote.codec.w3c.W3CHttpResponseCodec.decode(W3CHttpResponseCodec.java:50)
at org.openqa.selenium.remote.HttpCommandExecutor.execute(HttpCommandExecutor.java:190)
at org.openqa.selenium.remote.service.DriverCommandExecutor.invokeExecute(DriverCommandExecutor.java:216)
at org.openqa.selenium.remote.service.DriverCommandExecutor.execute(DriverCommandExecutor.java:174)
at org.openqa.selenium.remote.RemoteWebDriver.execute(RemoteWebDriver.java:545)
at org.openqa.selenium.remote.RemoteWebElement.execute(RemoteWebElement.java:223)
at org.openqa.selenium.remote.RemoteWebElement.click(RemoteWebElement.java:76)
at org.openqa.selenium.support.pagefactory.internal.LocatingElementHandler.invoke(LocatingElementHandler.java:51)
at jdk.proxy2/jdk.proxy2.$Proxy29.click(Unknown Source)
at Test.TestLogin.RememberMe(TestLogin.java:364)
... 26 more
... Removed 31 stack frames]]>
    </failure>
  </testcase> <!-- RememberMe -->
  <testcase classname="Test.TestLogin" name="ValidEmailInvalidPassword" time="27.313"/>
  <testcase classname="Test.TestLogin" name="ValidEmailWithSpaces" time="28.371"/>
  <testcase classname="Test.TestSearch" name="BrandName" time="9.465"/>
  <testcase classname="Test.TestSearch" name="DiscontinuedProductName" time="8.71"/>
  <testcase classname="Test.TestSearch" name="DiscontinuedProductSku" time="8.571"/>
  <testcase classname="Test.TestSearch" name="ExactProductName" time="9.165"/>
  <testcase classname="Test.TestSearch" name="InvalidProductName" time="9.973"/>
  <testcase classname="Test.TestSearch" name="LowerCaseProductName" time="8.44"/>
  <testcase classname="Test.TestSearch" name="MixcaseProductName" time="8.899"/>
  <testcase classname="Test.TestSearch" name="PartialProductName" time="8.847"/>
  <testcase classname="Test.TestSearch" name="SKUNumber" time="8.643"/>
  <testcase classname="Test.TestSearch" name="SpecialCharacterProductName" time="8.9"/>
  <testcase classname="Test.TestSearch" name="UpperCaseProductName" time="8.569"/>
  <testcase classname="Test.TestSearch" name="ValidProductName" time="9.53"/>
</testsuite> <!-- Test -->
