<?xml version="1.0" encoding="UTF-8"?>
<testng-results ignored="0" total="3" passed="3" failed="0" skipped="0">
  <reporter-output>
  </reporter-output>
  <suite started-at="2026-07-31T14:54:51 IST" name="Suite" finished-at="2026-07-31T14:55:24 IST" duration-ms="32487">
    <groups>
    </groups>
    <test started-at="2026-07-31T14:54:51 IST" name="TestContactUsForm" finished-at="2026-07-31T14:55:11 IST" duration-ms="20048">
      <class name="Test.TestContactUsForm">
        <test-method is-config="true" signature="openURL()[pri:0, instance:Test.TestContactUsForm@38af9828]" started-at="2026-07-31T14:54:51 IST" name="openURL" finished-at="2026-07-31T14:55:03 IST" duration-ms="12166" status="PASS">
          <reporter-output>
          </reporter-output>
        </test-method> <!-- openURL -->
        <test-method signature="TestcontactUsForm()[pri:0, instance:Test.TestContactUsForm@38af9828]" started-at="2026-07-31T14:55:03 IST" name="TestcontactUsForm" finished-at="2026-07-31T14:55:11 IST" duration-ms="7341" status="PASS">
          <reporter-output>
          </reporter-output>
        </test-method> <!-- TestcontactUsForm -->
        <test-method is-config="true" signature="closer()[pri:0, instance:Test.TestContactUsForm@38af9828]" started-at="2026-07-31T14:55:11 IST" name="closer" finished-at="2026-07-31T14:55:11 IST" duration-ms="325" status="PASS">
          <reporter-output>
          </reporter-output>
        </test-method> <!-- closer -->
      </class> <!-- Test.TestContactUsForm -->
    </test> <!-- TestContactUsForm -->
    <test started-at="2026-07-31T14:54:51 IST" name="TestLogin" finished-at="2026-07-31T14:55:24 IST" duration-ms="32487">
      <class name="Test.TestLogin">
        <test-method is-config="true" signature="openURL()[pri:0, instance:Test.TestLogin@4fa1c212]" started-at="2026-07-31T14:54:51 IST" name="openURL" finished-at="2026-07-31T14:55:03 IST" duration-ms="12248" status="PASS">
          <reporter-output>
          </reporter-output>
        </test-method> <!-- openURL -->
        <test-method signature="LoginTestCorrectDetail()[pri:0, instance:Test.TestLogin@4fa1c212]" started-at="2026-07-31T14:55:03 IST" name="LoginTestCorrectDetail" finished-at="2026-07-31T14:55:13 IST" duration-ms="9363" status="PASS">
          <reporter-output>
          </reporter-output>
        </test-method> <!-- LoginTestCorrectDetail -->
        <test-method is-config="true" signature="closer()[pri:0, instance:Test.TestLogin@4fa1c212]" started-at="2026-07-31T14:55:13 IST" name="closer" finished-at="2026-07-31T14:55:13 IST" duration-ms="309" status="PASS">
          <reporter-output>
          </reporter-output>
        </test-method> <!-- closer -->
        <test-method is-config="true" signature="openURL()[pri:0, instance:Test.TestLogin@4fa1c212]" started-at="2026-07-31T14:55:13 IST" name="openURL" finished-at="2026-07-31T14:55:19 IST" duration-ms="5462" status="PASS">
          <reporter-output>
          </reporter-output>
        </test-method> <!-- openURL -->
        <test-method signature="LoginTestWrongDetail()[pri:0, instance:Test.TestLogin@4fa1c212]" started-at="2026-07-31T14:55:19 IST" name="LoginTestWrongDetail" finished-at="2026-07-31T14:55:23 IST" duration-ms="4347" status="PASS">
          <reporter-output>
          </reporter-output>
        </test-method> <!-- LoginTestWrongDetail -->
        <test-method is-config="true" signature="closer()[pri:0, instance:Test.TestLogin@4fa1c212]" started-at="2026-07-31T14:55:23 IST" name="closer" finished-at="2026-07-31T14:55:24 IST" duration-ms="239" status="PASS">
          <reporter-output>
          </reporter-output>
        </test-method> <!-- closer -->
      </class> <!-- Test.TestLogin -->
    </test> <!-- TestLogin -->
  </suite> <!-- Suite -->
</testng-results>
