<?xml version="1.0" encoding="UTF-8"?>
<!-- Generated by org.testng.reporters.JUnitReportReporter -->
<testsuite hostname="BWIT0222" failures="1" tests="2" name="Test.TestResetPassword" time="85.692" errors="0" timestamp="2026-08-13T14:28:54 IST" skipped="0">
  <testcase classname="Test.TestResetPassword" name="InvalidResetEmail" time="41.820">
    <failure message="Exception during Invalid Reset Password Test: element click intercepted: Element &lt;button class=&quot;ty-btn__secondary ty-btn&quot; type=&quot;submit&quot; name=&quot;dispatch[auth.recover_password]&quot;&gt;...&lt;/button&gt; is not clickable at point (356, 580). Other element would receive the click: &lt;iframe title=&quot;recaptcha challenge expires in two minutes&quot; name=&quot;c-153i12vd04h1&quot; frameborder=&quot;0&quot; scrolling=&quot;no&quot; sandbox=&quot;allow-forms allow-popups allow-same-origin allow-scripts allow-top-navigation allow-modals allow-popups-to-escape-sandbox allow-storage-access-by-user-activation&quot; src=&quot;https://www.google.com/recaptcha/api2/bframe?hl=en&amp;amp;v=XOqlk8PL_yVx6IdpLbpXdiLy&amp;amp;k=6Ldtw24tAAAAAHz3RuaSkR3rWwolMP5I2-PWYthp&amp;amp;bft=0dAFcWeA4q4BV-kuSJFewHttiLuqJbxY_ZPMc7xXNvyYQx9TBbmilQ4cmolM5VpPV3GwNV4Pg7-tdnbwDSNSuRfDveQYpOT8mZSA&quot; style=&quot;width: 400px; height: 611px;&quot;&gt;&lt;/iframe&gt;
  (Session info: chrome=151.0.7922.109)
Build info: version: &#039;4.26.0&#039;, revision: &#039;8ccf0219d7&#039;
System info: os.name: &#039;Windows 11&#039;, os.arch: &#039;amd64&#039;, os.version: &#039;10.0&#039;, java.version: &#039;21.0.11&#039;
Driver info: org.openqa.selenium.chrome.ChromeDriver
Command: [5545aae9b681e9b1c098d6f50051003d, clickElement {id=f.95AC3B83F1A4EC5A06D1DBF399202552.d.9E1FAF92CE7743771C549E1D572438DB.e.1619}]
Capabilities {acceptInsecureCerts: false, browserName: chrome, browserVersion: 151.0.7922.109, chrome: {chromedriverVersion: 151.0.7922.138 (41fa8244239..., userDataDir: C:\Users\SHUBHA~1\AppData\L...}, fedcm:accounts: true, goog:chromeOptions: {debuggerAddress: localhost:54190}, goog:processID: 25524, networkConnectionEnabled: false, pageLoadStrategy: normal, platformName: windows, proxy: Proxy(), se:cdp: ws://localhost:54190/devtoo..., se:cdpVersion: 151.0.7922.109, setWindowRect: true, strictFileInteractability: false, timeouts: {implicit: 0, pageLoad: 300000, script: 30000}, unhandledPromptBehavior: dismiss and notify, webauthn:extension:credBlob: true, webauthn:extension:largeBlob: true, webauthn:extension:minPinLength: true, webauthn:extension:prf: true, webauthn:virtualAuthenticators: true}
Element: [[ChromeDriver: chrome on windows (5545aae9b681e9b1c098d6f50051003d)] -&gt; xpath: //button[normalize-space()=&#039;Reset password&#039;]]
Session ID: 5545aae9b681e9b1c098d6f50051003d" type="java.lang.AssertionError">
      <![CDATA[java.lang.AssertionError: Exception during Invalid Reset Password Test: element click intercepted: Element <button class="ty-btn__secondary ty-btn" type="submit" name="dispatch[auth.recover_password]">...</button> is not clickable at point (356, 580). Other element would receive the click: <iframe title="recaptcha challenge expires in two minutes" name="c-153i12vd04h1" frameborder="0" scrolling="no" sandbox="allow-forms allow-popups allow-same-origin allow-scripts allow-top-navigation allow-modals allow-popups-to-escape-sandbox allow-storage-access-by-user-activation" src="https://www.google.com/recaptcha/api2/bframe?hl=en&amp;v=XOqlk8PL_yVx6IdpLbpXdiLy&amp;k=6Ldtw24tAAAAAHz3RuaSkR3rWwolMP5I2-PWYthp&amp;bft=0dAFcWeA4q4BV-kuSJFewHttiLuqJbxY_ZPMc7xXNvyYQx9TBbmilQ4cmolM5VpPV3GwNV4Pg7-tdnbwDSNSuRfDveQYpOT8mZSA" style="width: 400px; height: 611px;"></iframe>
  (Session info: chrome=151.0.7922.109)
Build info: version: '4.26.0', revision: '8ccf0219d7'
System info: os.name: 'Windows 11', os.arch: 'amd64', os.version: '10.0', java.version: '21.0.11'
Driver info: org.openqa.selenium.chrome.ChromeDriver
Command: [5545aae9b681e9b1c098d6f50051003d, clickElement {id=f.95AC3B83F1A4EC5A06D1DBF399202552.d.9E1FAF92CE7743771C549E1D572438DB.e.1619}]
Capabilities {acceptInsecureCerts: false, browserName: chrome, browserVersion: 151.0.7922.109, chrome: {chromedriverVersion: 151.0.7922.138 (41fa8244239..., userDataDir: C:\Users\SHUBHA~1\AppData\L...}, fedcm:accounts: true, goog:chromeOptions: {debuggerAddress: localhost:54190}, goog:processID: 25524, networkConnectionEnabled: false, pageLoadStrategy: normal, platformName: windows, proxy: Proxy(), se:cdp: ws://localhost:54190/devtoo..., se:cdpVersion: 151.0.7922.109, setWindowRect: true, strictFileInteractability: false, timeouts: {implicit: 0, pageLoad: 300000, script: 30000}, unhandledPromptBehavior: dismiss and notify, webauthn:extension:credBlob: true, webauthn:extension:largeBlob: true, webauthn:extension:minPinLength: true, webauthn:extension:prf: true, webauthn:virtualAuthenticators: true}
Element: [[ChromeDriver: chrome on windows (5545aae9b681e9b1c098d6f50051003d)] -> xpath: //button[normalize-space()='Reset password']]
Session ID: 5545aae9b681e9b1c098d6f50051003d
at org.testng.Assert.fail(Assert.java:99)
at Test.TestResetPassword.InvalidResetEmail(TestResetPassword.java:121)
at java.base/jdk.internal.reflect.DirectMethodHandleAccessor.invoke(DirectMethodHandleAccessor.java:103)
at java.base/java.lang.reflect.Method.invoke(Method.java:580)
at org.testng.internal.invokers.MethodInvocationHelper.invokeMethod(MethodInvocationHelper.java:141)
at org.testng.internal.invokers.TestInvoker.invokeMethod(TestInvoker.java:686)
at org.testng.internal.invokers.TestInvoker.invokeTestMethod(TestInvoker.java:230)
at org.testng.internal.invokers.MethodRunner.runInSequence(MethodRunner.java:63)
at org.testng.internal.invokers.TestInvoker$MethodInvocationAgent.invoke(TestInvoker.java:992)
at org.testng.internal.invokers.TestInvoker.invokeTestMethods(TestInvoker.java:203)
at org.testng.internal.invokers.TestMethodWorker.invokeTestMethods(TestMethodWorker.java:154)
at org.testng.internal.invokers.TestMethodWorker.run(TestMethodWorker.java:134)
at java.base/java.util.ArrayList.forEach(ArrayList.java:1596)
at org.testng.TestRunner.privateRun(TestRunner.java:739)
at org.testng.TestRunner.run(TestRunner.java:614)
at org.testng.SuiteRunner.runTest(SuiteRunner.java:421)
at org.testng.SuiteRunner.runSequentially(SuiteRunner.java:413)
at org.testng.SuiteRunner.privateRun(SuiteRunner.java:373)
at org.testng.SuiteRunner.run(SuiteRunner.java:312)
at org.testng.SuiteRunnerWorker.runSuite(SuiteRunnerWorker.java:52)
at org.testng.SuiteRunnerWorker.run(SuiteRunnerWorker.java:95)
at org.testng.TestNG.runSuitesSequentially(TestNG.java:1274)
at org.testng.TestNG.runSuitesLocally(TestNG.java:1208)
at org.testng.TestNG.runSuites(TestNG.java:1112)
at org.testng.TestNG.run(TestNG.java:1079)
at org.testng.remote.AbstractRemoteTestNG.run(AbstractRemoteTestNG.java:115)
at org.testng.remote.RemoteTestNG.initAndRun(RemoteTestNG.java:293)
at org.testng.remote.RemoteTestNG.main(RemoteTestNG.java:91)
Caused by: org.openqa.selenium.ElementClickInterceptedException: element click intercepted: Element <button class="ty-btn__secondary ty-btn" type="submit" name="dispatch[auth.recover_password]">...</button> is not clickable at point (356, 580). Other element would receive the click: <iframe title="recaptcha challenge expires in two minutes" name="c-153i12vd04h1" frameborder="0" scrolling="no" sandbox="allow-forms allow-popups allow-same-origin allow-scripts allow-top-navigation allow-modals allow-popups-to-escape-sandbox allow-storage-access-by-user-activation" src="https://www.google.com/recaptcha/api2/bframe?hl=en&amp;v=XOqlk8PL_yVx6IdpLbpXdiLy&amp;k=6Ldtw24tAAAAAHz3RuaSkR3rWwolMP5I2-PWYthp&amp;bft=0dAFcWeA4q4BV-kuSJFewHttiLuqJbxY_ZPMc7xXNvyYQx9TBbmilQ4cmolM5VpPV3GwNV4Pg7-tdnbwDSNSuRfDveQYpOT8mZSA" style="width: 400px; height: 611px;"></iframe>
  (Session info: chrome=151.0.7922.109)
Build info: version: '4.26.0', revision: '8ccf0219d7'
System info: os.name: 'Windows 11', os.arch: 'amd64', os.version: '10.0', java.version: '21.0.11'
Driver info: org.openqa.selenium.chrome.ChromeDriver
Command: [5545aae9b681e9b1c098d6f50051003d, clickElement {id=f.95AC3B83F1A4EC5A06D1DBF399202552.d.9E1FAF92CE7743771C549E1D572438DB.e.1619}]
Capabilities {acceptInsecureCerts: false, browserName: chrome, browserVersion: 151.0.7922.109, chrome: {chromedriverVersion: 151.0.7922.138 (41fa8244239..., userDataDir: C:\Users\SHUBHA~1\AppData\L...}, fedcm:accounts: true, goog:chromeOptions: {debuggerAddress: localhost:54190}, goog:processID: 25524, networkConnectionEnabled: false, pageLoadStrategy: normal, platformName: windows, proxy: Proxy(), se:cdp: ws://localhost:54190/devtoo..., se:cdpVersion: 151.0.7922.109, setWindowRect: true, strictFileInteractability: false, timeouts: {implicit: 0, pageLoad: 300000, script: 30000}, unhandledPromptBehavior: dismiss and notify, webauthn:extension:credBlob: true, webauthn:extension:largeBlob: true, webauthn:extension:minPinLength: true, webauthn:extension:prf: true, webauthn:virtualAuthenticators: true}
Element: [[ChromeDriver: chrome on windows (5545aae9b681e9b1c098d6f50051003d)] -> xpath: //button[normalize-space()='Reset password']]
Session ID: 5545aae9b681e9b1c098d6f50051003d
at java.base/jdk.internal.reflect.DirectConstructorHandleAccessor.newInstance(DirectConstructorHandleAccessor.java:62)
at java.base/java.lang.reflect.Constructor.newInstanceWithCaller(Constructor.java:502)
at java.base/java.lang.reflect.Constructor.newInstance(Constructor.java:486)
at org.openqa.selenium.remote.ErrorCodec.decode(ErrorCodec.java:167)
at org.openqa.selenium.remote.codec.w3c.W3CHttpResponseCodec.decode(W3CHttpResponseCodec.java:138)
at org.openqa.selenium.remote.codec.w3c.W3CHttpResponseCodec.decode(W3CHttpResponseCodec.java:50)
at org.openqa.selenium.remote.HttpCommandExecutor.execute(HttpCommandExecutor.java:190)
at org.openqa.selenium.remote.service.DriverCommandExecutor.invokeExecute(DriverCommandExecutor.java:216)
at org.openqa.selenium.remote.service.DriverCommandExecutor.execute(DriverCommandExecutor.java:174)
at org.openqa.selenium.remote.RemoteWebDriver.execute(RemoteWebDriver.java:545)
at org.openqa.selenium.remote.RemoteWebElement.execute(RemoteWebElement.java:223)
at org.openqa.selenium.remote.RemoteWebElement.click(RemoteWebElement.java:76)
at java.base/jdk.internal.reflect.DirectMethodHandleAccessor.invoke(DirectMethodHandleAccessor.java:103)
at java.base/java.lang.reflect.Method.invoke(Method.java:580)
at org.openqa.selenium.support.pagefactory.internal.LocatingElementHandler.invoke(LocatingElementHandler.java:51)
at jdk.proxy2/jdk.proxy2.$Proxy30.click(Unknown Source)
at Test.TestResetPassword.InvalidResetEmail(TestResetPassword.java:111)
... 26 more
]]>
    </failure>
  </testcase> <!-- InvalidResetEmail -->
  <testcase classname="Test.TestResetPassword" name="ValidResetEmail" time="43.872"/>
</testsuite> <!-- Test.TestResetPassword -->
