<?xml version="1.0" encoding="UTF-8"?>
<!-- Generated by org.testng.reporters.JUnitReportReporter -->
<testsuite hostname="BWIT0222" failures="0" tests="12" name="Test.TestSearch" time="189.938" errors="0" timestamp="2026-08-11T14:26:15 IST" skipped="0">
  <testcase classname="Test.TestSearch" name="BrandName" time="16.061"/>
  <testcase classname="Test.TestSearch" name="InvalidProductName" time="17.291"/>
  <testcase classname="Test.TestSearch" name="SKUNumber" time="14.871"/>
  <testcase classname="Test.TestSearch" name="ExactProductName" time="17.150"/>
  <testcase classname="Test.TestSearch" name="SpecialCharacterProductName" time="15.584"/>
  <testcase classname="Test.TestSearch" name="MixcaseProductName" time="15.619"/>
  <testcase classname="Test.TestSearch" name="PartialProductName" time="16.995"/>
  <testcase classname="Test.TestSearch" name="ValidProductName" time="16.081"/>
  <testcase classname="Test.TestSearch" name="DiscontinuedProductSku" time="14.757"/>
  <testcase classname="Test.TestSearch" name="LowerCaseProductName" time="15.335"/>
  <testcase classname="Test.TestSearch" name="DiscontinuedProductName" time="14.950"/>
  <testcase classname="Test.TestSearch" name="UpperCaseProductName" time="15.244"/>
</testsuite> <!-- Test.TestSearch -->
