<?xml version="1.0" encoding="UTF-8"?>
<!-- Generated by org.testng.reporters.JUnitReportReporter -->
<testsuite hostname="BWIT0222" failures="2" tests="11" name="Test.TestLogin" time="303.083" errors="0" timestamp="2026-08-11T14:26:15 IST" skipped="0">
  <testcase classname="Test.TestLogin" name="ValidEmailInvalidPassword" time="33.847"/>
  <testcase classname="Test.TestLogin" name="EmptyDetail" time="12.510"/>
  <testcase classname="Test.TestLogin" name="CorrectDetail" time="35.438"/>
  <testcase classname="Test.TestLogin" name="InvalidDetail" time="32.138">
    <failure message="Exception during Login Test with Incorrect Details: element click intercepted: Element &lt;button class=&quot;ty-btn__login ty-btn__secondary ty-btn&quot; type=&quot;submit&quot; name=&quot;dispatch[auth.login]&quot;&gt;...&lt;/button&gt; is not clickable at point (884, 670). Other element would receive the click: &lt;div style=&quot;width: 100%; height: 100%; position: fixed; top: 0px; left: 0px; z-index: 2000000000; background-color: rgb(255, 255, 255); opacity: 0.05;&quot;&gt;&lt;/div&gt;
  (Session info: chrome=151.0.7922.76)
Build info: version: &#039;4.26.0&#039;, revision: &#039;8ccf0219d7&#039;
System info: os.name: &#039;Windows 11&#039;, os.arch: &#039;amd64&#039;, os.version: &#039;10.0&#039;, java.version: &#039;21.0.11&#039;
Driver info: org.openqa.selenium.chrome.ChromeDriver
Command: [c033cc784b26a5a6b90a9c175d29910b, clickElement {id=f.3D04E85D41A132C93B3BCAD3CD8BEB34.d.2D715732A9C6E8FDA6EAECF33EFDF121.e.1467}]
Capabilities {acceptInsecureCerts: false, browserName: chrome, browserVersion: 151.0.7922.76, chrome: {chromedriverVersion: 151.0.7922.77 (ff37cfca2101..., userDataDir: C:\Users\SHUBHA~1\AppData\L...}, fedcm:accounts: true, goog:chromeOptions: {debuggerAddress: localhost:58788}, goog:processID: 26904, networkConnectionEnabled: false, pageLoadStrategy: normal, platformName: windows, proxy: Proxy(), se:cdp: ws://localhost:58788/devtoo..., se:cdpVersion: 151.0.7922.76, setWindowRect: true, strictFileInteractability: false, timeouts: {implicit: 0, pageLoad: 300000, script: 30000}, unhandledPromptBehavior: dismiss and notify, webauthn:extension:credBlob: true, webauthn:extension:largeBlob: true, webauthn:extension:minPinLength: true, webauthn:extension:prf: true, webauthn:virtualAuthenticators: true}
Element: [[ChromeDriver: chrome on windows (c033cc784b26a5a6b90a9c175d29910b)] -&gt; css selector: form[name=&#039;main_login_form&#039;] div[class=&#039;ty-float-right&#039;] button[name=&#039;dispatch[auth.login]&#039;]]
Session ID: c033cc784b26a5a6b90a9c175d29910b" type="java.lang.AssertionError">
      <![CDATA[java.lang.AssertionError: Exception during Login Test with Incorrect Details: element click intercepted: Element <button class="ty-btn__login ty-btn__secondary ty-btn" type="submit" name="dispatch[auth.login]">...</button> is not clickable at point (884, 670). Other element would receive the click: <div style="width: 100%; height: 100%; position: fixed; top: 0px; left: 0px; z-index: 2000000000; background-color: rgb(255, 255, 255); opacity: 0.05;"></div>
  (Session info: chrome=151.0.7922.76)
Build info: version: '4.26.0', revision: '8ccf0219d7'
System info: os.name: 'Windows 11', os.arch: 'amd64', os.version: '10.0', java.version: '21.0.11'
Driver info: org.openqa.selenium.chrome.ChromeDriver
Command: [c033cc784b26a5a6b90a9c175d29910b, clickElement {id=f.3D04E85D41A132C93B3BCAD3CD8BEB34.d.2D715732A9C6E8FDA6EAECF33EFDF121.e.1467}]
Capabilities {acceptInsecureCerts: false, browserName: chrome, browserVersion: 151.0.7922.76, chrome: {chromedriverVersion: 151.0.7922.77 (ff37cfca2101..., userDataDir: C:\Users\SHUBHA~1\AppData\L...}, fedcm:accounts: true, goog:chromeOptions: {debuggerAddress: localhost:58788}, goog:processID: 26904, networkConnectionEnabled: false, pageLoadStrategy: normal, platformName: windows, proxy: Proxy(), se:cdp: ws://localhost:58788/devtoo..., se:cdpVersion: 151.0.7922.76, setWindowRect: true, strictFileInteractability: false, timeouts: {implicit: 0, pageLoad: 300000, script: 30000}, unhandledPromptBehavior: dismiss and notify, webauthn:extension:credBlob: true, webauthn:extension:largeBlob: true, webauthn:extension:minPinLength: true, webauthn:extension:prf: true, webauthn:virtualAuthenticators: true}
Element: [[ChromeDriver: chrome on windows (c033cc784b26a5a6b90a9c175d29910b)] -> css selector: form[name='main_login_form'] div[class='ty-float-right'] button[name='dispatch[auth.login]']]
Session ID: c033cc784b26a5a6b90a9c175d29910b
at org.testng.Assert.fail(Assert.java:99)
at Test.TestLogin.InvalidDetail(TestLogin.java:122)
at java.base/jdk.internal.reflect.DirectMethodHandleAccessor.invoke(DirectMethodHandleAccessor.java:103)
at java.base/java.lang.reflect.Method.invoke(Method.java:580)
at org.testng.internal.invokers.MethodInvocationHelper.invokeMethod(MethodInvocationHelper.java:141)
at org.testng.internal.invokers.TestInvoker.invokeMethod(TestInvoker.java:686)
at org.testng.internal.invokers.TestInvoker.invokeTestMethod(TestInvoker.java:230)
at org.testng.internal.invokers.MethodRunner.runInSequence(MethodRunner.java:63)
at org.testng.internal.invokers.TestInvoker$MethodInvocationAgent.invoke(TestInvoker.java:992)
at org.testng.internal.invokers.TestInvoker.invokeTestMethods(TestInvoker.java:203)
at org.testng.internal.invokers.TestMethodWorker.invokeTestMethods(TestMethodWorker.java:154)
at org.testng.internal.invokers.TestMethodWorker.run(TestMethodWorker.java:134)
at java.base/java.util.ArrayList.forEach(ArrayList.java:1596)
at org.testng.TestRunner.privateRun(TestRunner.java:739)
at org.testng.TestRunner.run(TestRunner.java:614)
at org.testng.SuiteRunner.runTest(SuiteRunner.java:421)
at org.testng.SuiteRunner.runSequentially(SuiteRunner.java:413)
at org.testng.SuiteRunner.privateRun(SuiteRunner.java:373)
at org.testng.SuiteRunner.run(SuiteRunner.java:312)
at org.testng.SuiteRunnerWorker.runSuite(SuiteRunnerWorker.java:52)
at org.testng.SuiteRunnerWorker.run(SuiteRunnerWorker.java:95)
at org.testng.TestNG.runSuitesSequentially(TestNG.java:1274)
at org.testng.TestNG.runSuitesLocally(TestNG.java:1208)
at org.testng.TestNG.runSuites(TestNG.java:1112)
at org.testng.TestNG.run(TestNG.java:1079)
at org.testng.remote.AbstractRemoteTestNG.run(AbstractRemoteTestNG.java:115)
at org.testng.remote.RemoteTestNG.initAndRun(RemoteTestNG.java:293)
at org.testng.remote.RemoteTestNG.main(RemoteTestNG.java:91)
Caused by: org.openqa.selenium.ElementClickInterceptedException: element click intercepted: Element <button class="ty-btn__login ty-btn__secondary ty-btn" type="submit" name="dispatch[auth.login]">...</button> is not clickable at point (884, 670). Other element would receive the click: <div style="width: 100%; height: 100%; position: fixed; top: 0px; left: 0px; z-index: 2000000000; background-color: rgb(255, 255, 255); opacity: 0.05;"></div>
  (Session info: chrome=151.0.7922.76)
Build info: version: '4.26.0', revision: '8ccf0219d7'
System info: os.name: 'Windows 11', os.arch: 'amd64', os.version: '10.0', java.version: '21.0.11'
Driver info: org.openqa.selenium.chrome.ChromeDriver
Command: [c033cc784b26a5a6b90a9c175d29910b, clickElement {id=f.3D04E85D41A132C93B3BCAD3CD8BEB34.d.2D715732A9C6E8FDA6EAECF33EFDF121.e.1467}]
Capabilities {acceptInsecureCerts: false, browserName: chrome, browserVersion: 151.0.7922.76, chrome: {chromedriverVersion: 151.0.7922.77 (ff37cfca2101..., userDataDir: C:\Users\SHUBHA~1\AppData\L...}, fedcm:accounts: true, goog:chromeOptions: {debuggerAddress: localhost:58788}, goog:processID: 26904, networkConnectionEnabled: false, pageLoadStrategy: normal, platformName: windows, proxy: Proxy(), se:cdp: ws://localhost:58788/devtoo..., se:cdpVersion: 151.0.7922.76, setWindowRect: true, strictFileInteractability: false, timeouts: {implicit: 0, pageLoad: 300000, script: 30000}, unhandledPromptBehavior: dismiss and notify, webauthn:extension:credBlob: true, webauthn:extension:largeBlob: true, webauthn:extension:minPinLength: true, webauthn:extension:prf: true, webauthn:virtualAuthenticators: true}
Element: [[ChromeDriver: chrome on windows (c033cc784b26a5a6b90a9c175d29910b)] -> css selector: form[name='main_login_form'] div[class='ty-float-right'] button[name='dispatch[auth.login]']]
Session ID: c033cc784b26a5a6b90a9c175d29910b
at java.base/jdk.internal.reflect.DirectConstructorHandleAccessor.newInstance(DirectConstructorHandleAccessor.java:62)
at java.base/java.lang.reflect.Constructor.newInstanceWithCaller(Constructor.java:502)
at java.base/java.lang.reflect.Constructor.newInstance(Constructor.java:486)
at org.openqa.selenium.remote.ErrorCodec.decode(ErrorCodec.java:167)
at org.openqa.selenium.remote.codec.w3c.W3CHttpResponseCodec.decode(W3CHttpResponseCodec.java:138)
at org.openqa.selenium.remote.codec.w3c.W3CHttpResponseCodec.decode(W3CHttpResponseCodec.java:50)
at org.openqa.selenium.remote.HttpCommandExecutor.execute(HttpCommandExecutor.java:190)
at org.openqa.selenium.remote.service.DriverCommandExecutor.invokeExecute(DriverCommandExecutor.java:216)
at org.openqa.selenium.remote.service.DriverCommandExecutor.execute(DriverCommandExecutor.java:174)
at org.openqa.selenium.remote.RemoteWebDriver.execute(RemoteWebDriver.java:545)
at org.openqa.selenium.remote.RemoteWebElement.execute(RemoteWebElement.java:223)
at org.openqa.selenium.remote.RemoteWebElement.click(RemoteWebElement.java:76)
at java.base/jdk.internal.reflect.DirectMethodHandleAccessor.invoke(DirectMethodHandleAccessor.java:103)
at java.base/java.lang.reflect.Method.invoke(Method.java:580)
at org.openqa.selenium.support.pagefactory.internal.LocatingElementHandler.invoke(LocatingElementHandler.java:51)
at jdk.proxy2/jdk.proxy2.$Proxy29.click(Unknown Source)
at Test.TestLogin.InvalidDetail(TestLogin.java:111)
... 26 more
]]>
    </failure>
  </testcase> <!-- InvalidDetail -->
  <testcase classname="Test.TestLogin" name="ForgotPasswordLink" time="12.774"/>
  <testcase classname="Test.TestLogin" name="RegisterLink" time="13.048"/>
  <testcase classname="Test.TestLogin" name="InvalidEmail" time="33.796"/>
  <testcase classname="Test.TestLogin" name="EmptyEmail" time="30.892"/>
  <testcase classname="Test.TestLogin" name="ValidEmailWithSpaces" time="36.392"/>
  <testcase classname="Test.TestLogin" name="RememberMe" time="31.713">
    <failure message="Exception during Login Test with Remember Me functionality: element click intercepted: Element &lt;button class=&quot;ty-btn__login ty-btn__secondary ty-btn&quot; type=&quot;submit&quot; name=&quot;dispatch[auth.login]&quot;&gt;...&lt;/button&gt; is not clickable at point (884, 670). Other element would receive the click: &lt;div style=&quot;width: 100%; height: 100%; position: fixed; top: 0px; left: 0px; z-index: 2000000000; background-color: rgb(255, 255, 255); opacity: 0.05;&quot;&gt;&lt;/div&gt;
  (Session info: chrome=151.0.7922.76)
Build info: version: &#039;4.26.0&#039;, revision: &#039;8ccf0219d7&#039;
System info: os.name: &#039;Windows 11&#039;, os.arch: &#039;amd64&#039;, os.version: &#039;10.0&#039;, java.version: &#039;21.0.11&#039;
Driver info: org.openqa.selenium.chrome.ChromeDriver
Command: [3ec6e9c15aa15ba6dcec37c4f29edf34, clickElement {id=f.EF4A30CDA194FFD24687C691C473A6C0.d.C57F1441C3277B771E97B8656F179225.e.1456}]
Capabilities {acceptInsecureCerts: false, browserName: chrome, browserVersion: 151.0.7922.76, chrome: {chromedriverVersion: 151.0.7922.77 (ff37cfca2101..., userDataDir: C:\Users\SHUBHA~1\AppData\L...}, fedcm:accounts: true, goog:chromeOptions: {debuggerAddress: localhost:58209}, goog:processID: 15648, networkConnectionEnabled: false, pageLoadStrategy: normal, platformName: windows, proxy: Proxy(), se:cdp: ws://localhost:58209/devtoo..., se:cdpVersion: 151.0.7922.76, setWindowRect: true, strictFileInteractability: false, timeouts: {implicit: 0, pageLoad: 300000, script: 30000}, unhandledPromptBehavior: dismiss and notify, webauthn:extension:credBlob: true, webauthn:extension:largeBlob: true, webauthn:extension:minPinLength: true, webauthn:extension:prf: true, webauthn:virtualAuthenticators: true}
Element: [[ChromeDriver: chrome on windows (3ec6e9c15aa15ba6dcec37c4f29edf34)] -&gt; css selector: form[name=&#039;main_login_form&#039;] div[class=&#039;ty-float-right&#039;] button[name=&#039;dispatch[auth.login]&#039;]]
Session ID: 3ec6e9c15aa15ba6dcec37c4f29edf34" type="java.lang.AssertionError">
      <![CDATA[java.lang.AssertionError: Exception during Login Test with Remember Me functionality: element click intercepted: Element <button class="ty-btn__login ty-btn__secondary ty-btn" type="submit" name="dispatch[auth.login]">...</button> is not clickable at point (884, 670). Other element would receive the click: <div style="width: 100%; height: 100%; position: fixed; top: 0px; left: 0px; z-index: 2000000000; background-color: rgb(255, 255, 255); opacity: 0.05;"></div>
  (Session info: chrome=151.0.7922.76)
Build info: version: '4.26.0', revision: '8ccf0219d7'
System info: os.name: 'Windows 11', os.arch: 'amd64', os.version: '10.0', java.version: '21.0.11'
Driver info: org.openqa.selenium.chrome.ChromeDriver
Command: [3ec6e9c15aa15ba6dcec37c4f29edf34, clickElement {id=f.EF4A30CDA194FFD24687C691C473A6C0.d.C57F1441C3277B771E97B8656F179225.e.1456}]
Capabilities {acceptInsecureCerts: false, browserName: chrome, browserVersion: 151.0.7922.76, chrome: {chromedriverVersion: 151.0.7922.77 (ff37cfca2101..., userDataDir: C:\Users\SHUBHA~1\AppData\L...}, fedcm:accounts: true, goog:chromeOptions: {debuggerAddress: localhost:58209}, goog:processID: 15648, networkConnectionEnabled: false, pageLoadStrategy: normal, platformName: windows, proxy: Proxy(), se:cdp: ws://localhost:58209/devtoo..., se:cdpVersion: 151.0.7922.76, setWindowRect: true, strictFileInteractability: false, timeouts: {implicit: 0, pageLoad: 300000, script: 30000}, unhandledPromptBehavior: dismiss and notify, webauthn:extension:credBlob: true, webauthn:extension:largeBlob: true, webauthn:extension:minPinLength: true, webauthn:extension:prf: true, webauthn:virtualAuthenticators: true}
Element: [[ChromeDriver: chrome on windows (3ec6e9c15aa15ba6dcec37c4f29edf34)] -> css selector: form[name='main_login_form'] div[class='ty-float-right'] button[name='dispatch[auth.login]']]
Session ID: 3ec6e9c15aa15ba6dcec37c4f29edf34
at org.testng.Assert.fail(Assert.java:99)
at Test.TestLogin.RememberMe(TestLogin.java:374)
at java.base/jdk.internal.reflect.DirectMethodHandleAccessor.invoke(DirectMethodHandleAccessor.java:103)
at java.base/java.lang.reflect.Method.invoke(Method.java:580)
at org.testng.internal.invokers.MethodInvocationHelper.invokeMethod(MethodInvocationHelper.java:141)
at org.testng.internal.invokers.TestInvoker.invokeMethod(TestInvoker.java:686)
at org.testng.internal.invokers.TestInvoker.invokeTestMethod(TestInvoker.java:230)
at org.testng.internal.invokers.MethodRunner.runInSequence(MethodRunner.java:63)
at org.testng.internal.invokers.TestInvoker$MethodInvocationAgent.invoke(TestInvoker.java:992)
at org.testng.internal.invokers.TestInvoker.invokeTestMethods(TestInvoker.java:203)
at org.testng.internal.invokers.TestMethodWorker.invokeTestMethods(TestMethodWorker.java:154)
at org.testng.internal.invokers.TestMethodWorker.run(TestMethodWorker.java:134)
at java.base/java.util.ArrayList.forEach(ArrayList.java:1596)
at org.testng.TestRunner.privateRun(TestRunner.java:739)
at org.testng.TestRunner.run(TestRunner.java:614)
at org.testng.SuiteRunner.runTest(SuiteRunner.java:421)
at org.testng.SuiteRunner.runSequentially(SuiteRunner.java:413)
at org.testng.SuiteRunner.privateRun(SuiteRunner.java:373)
at org.testng.SuiteRunner.run(SuiteRunner.java:312)
at org.testng.SuiteRunnerWorker.runSuite(SuiteRunnerWorker.java:52)
at org.testng.SuiteRunnerWorker.run(SuiteRunnerWorker.java:95)
at org.testng.TestNG.runSuitesSequentially(TestNG.java:1274)
at org.testng.TestNG.runSuitesLocally(TestNG.java:1208)
at org.testng.TestNG.runSuites(TestNG.java:1112)
at org.testng.TestNG.run(TestNG.java:1079)
at org.testng.remote.AbstractRemoteTestNG.run(AbstractRemoteTestNG.java:115)
at org.testng.remote.RemoteTestNG.initAndRun(RemoteTestNG.java:293)
at org.testng.remote.RemoteTestNG.main(RemoteTestNG.java:91)
Caused by: org.openqa.selenium.ElementClickInterceptedException: element click intercepted: Element <button class="ty-btn__login ty-btn__secondary ty-btn" type="submit" name="dispatch[auth.login]">...</button> is not clickable at point (884, 670). Other element would receive the click: <div style="width: 100%; height: 100%; position: fixed; top: 0px; left: 0px; z-index: 2000000000; background-color: rgb(255, 255, 255); opacity: 0.05;"></div>
  (Session info: chrome=151.0.7922.76)
Build info: version: '4.26.0', revision: '8ccf0219d7'
System info: os.name: 'Windows 11', os.arch: 'amd64', os.version: '10.0', java.version: '21.0.11'
Driver info: org.openqa.selenium.chrome.ChromeDriver
Command: [3ec6e9c15aa15ba6dcec37c4f29edf34, clickElement {id=f.EF4A30CDA194FFD24687C691C473A6C0.d.C57F1441C3277B771E97B8656F179225.e.1456}]
Capabilities {acceptInsecureCerts: false, browserName: chrome, browserVersion: 151.0.7922.76, chrome: {chromedriverVersion: 151.0.7922.77 (ff37cfca2101..., userDataDir: C:\Users\SHUBHA~1\AppData\L...}, fedcm:accounts: true, goog:chromeOptions: {debuggerAddress: localhost:58209}, goog:processID: 15648, networkConnectionEnabled: false, pageLoadStrategy: normal, platformName: windows, proxy: Proxy(), se:cdp: ws://localhost:58209/devtoo..., se:cdpVersion: 151.0.7922.76, setWindowRect: true, strictFileInteractability: false, timeouts: {implicit: 0, pageLoad: 300000, script: 30000}, unhandledPromptBehavior: dismiss and notify, webauthn:extension:credBlob: true, webauthn:extension:largeBlob: true, webauthn:extension:minPinLength: true, webauthn:extension:prf: true, webauthn:virtualAuthenticators: true}
Element: [[ChromeDriver: chrome on windows (3ec6e9c15aa15ba6dcec37c4f29edf34)] -> css selector: form[name='main_login_form'] div[class='ty-float-right'] button[name='dispatch[auth.login]']]
Session ID: 3ec6e9c15aa15ba6dcec37c4f29edf34
at java.base/jdk.internal.reflect.DirectConstructorHandleAccessor.newInstance(DirectConstructorHandleAccessor.java:62)
at java.base/java.lang.reflect.Constructor.newInstanceWithCaller(Constructor.java:502)
at java.base/java.lang.reflect.Constructor.newInstance(Constructor.java:486)
at org.openqa.selenium.remote.ErrorCodec.decode(ErrorCodec.java:167)
at org.openqa.selenium.remote.codec.w3c.W3CHttpResponseCodec.decode(W3CHttpResponseCodec.java:138)
at org.openqa.selenium.remote.codec.w3c.W3CHttpResponseCodec.decode(W3CHttpResponseCodec.java:50)
at org.openqa.selenium.remote.HttpCommandExecutor.execute(HttpCommandExecutor.java:190)
at org.openqa.selenium.remote.service.DriverCommandExecutor.invokeExecute(DriverCommandExecutor.java:216)
at org.openqa.selenium.remote.service.DriverCommandExecutor.execute(DriverCommandExecutor.java:174)
at org.openqa.selenium.remote.RemoteWebDriver.execute(RemoteWebDriver.java:545)
at org.openqa.selenium.remote.RemoteWebElement.execute(RemoteWebElement.java:223)
at org.openqa.selenium.remote.RemoteWebElement.click(RemoteWebElement.java:76)
at java.base/jdk.internal.reflect.DirectMethodHandleAccessor.invoke(DirectMethodHandleAccessor.java:103)
at java.base/java.lang.reflect.Method.invoke(Method.java:580)
at org.openqa.selenium.support.pagefactory.internal.LocatingElementHandler.invoke(LocatingElementHandler.java:51)
at jdk.proxy2/jdk.proxy2.$Proxy29.click(Unknown Source)
at Test.TestLogin.RememberMe(TestLogin.java:364)
... 26 more
]]>
    </failure>
  </testcase> <!-- RememberMe -->
  <testcase classname="Test.TestLogin" name="EmptyPassword" time="30.535"/>
</testsuite> <!-- Test.TestLogin -->
