<?xml version="1.0" encoding="UTF-8"?>
<!-- Generated by org.testng.reporters.JUnitReportReporter -->
<testsuite hostname="BWIT0222" failures="0" tests="7" name="Test.EndToEndPurchaseTest" time="267.191" errors="0" timestamp="2026-08-14T15:47:12 IST" skipped="0">
  <testcase classname="Test.EndToEndPurchaseTest" name="testStep2_UserLogin" time="34.936"/>
  <testcase classname="Test.EndToEndPurchaseTest" name="testStep1_ValidateHomepageLoading" time="8.983"/>
  <testcase classname="Test.EndToEndPurchaseTest" name="testStep5_ValidateCart" time="43.436"/>
  <testcase classname="Test.EndToEndPurchaseTest" name="testStep6_QuantityAndPromoCode" time="51.152"/>
  <testcase classname="Test.EndToEndPurchaseTest" name="testStep7_CheckoutPageValidation" time="46.372"/>
  <testcase classname="Test.EndToEndPurchaseTest" name="testStep3_SearchProduct" time="39.976"/>
  <testcase classname="Test.EndToEndPurchaseTest" name="testStep4_AddProductToCart" time="42.336"/>
</testsuite> <!-- Test.EndToEndPurchaseTest -->
